#! /usr/bin/vvp
:ivl_version "0.9.7 " "(v0_9_7)";
:vpi_time_precision - 12;
:vpi_module "system";
:vpi_module "v2005_math";
:vpi_module "va_math";
S_0x21f1af0 .scope module, "tb_siso_register_4bit" "tb_siso_register_4bit" 2 3;
 .timescale -9 -12;
v0x222a7d0_0 .var "clk", 0 0;
v0x222a850_0 .var "in", 0 0;
RS_0x7f20251f21f8 .resolv tri, L_0x222aa00, L_0x222ab70, L_0x222add0, L_0x222afb0;
v0x222a8d0_0 .net8 "out", 3 0, RS_0x7f20251f21f8; 4 drivers
v0x222a950_0 .var "rst", 0 0;
S_0x21f3110 .scope module, "siso4bit" "siso_register_4bit" 2 10, 3 1, S_0x21f1af0;
 .timescale 0 0;
v0x222a450_0 .net "clk", 0 0, v0x222a7d0_0; 1 drivers
v0x222a560_0 .net "in", 0 0, v0x222a850_0; 1 drivers
v0x222a610_0 .alias "out", 0 3, v0x222a8d0_0;
v0x222a690_0 .net "rst", 0 0, v0x222a950_0; 1 drivers
L_0x222aa00 .part/pv v0x222a330_0, 3, 1, 4;
L_0x222aaa0 .part RS_0x7f20251f21f8, 3, 1;
L_0x222ab70 .part/pv v0x2229fb0_0, 2, 1, 4;
L_0x222acd0 .part RS_0x7f20251f21f8, 2, 1;
L_0x222add0 .part/pv v0x2229bf0_0, 1, 1, 4;
L_0x222aea0 .part RS_0x7f20251f21f8, 1, 1;
L_0x222afb0 .part/pv v0x2229860_0, 0, 1, 4;
S_0x222a120 .scope module, "d1" "D_FF" 3 8, 3 16, S_0x21f3110;
 .timescale 0 0;
v0x222a210_0 .alias "clk", 0 0, v0x222a450_0;
v0x222a290_0 .alias "d", 0 0, v0x222a560_0;
v0x222a330_0 .var "q", 0 0;
v0x222a3d0_0 .alias "rst", 0 0, v0x222a690_0;
S_0x2229d70 .scope module, "d2" "D_FF" 3 9, 3 16, S_0x21f3110;
 .timescale 0 0;
v0x2229e60_0 .alias "clk", 0 0, v0x222a450_0;
v0x2229f30_0 .net "d", 0 0, L_0x222aaa0; 1 drivers
v0x2229fb0_0 .var "q", 0 0;
v0x222a050_0 .alias "rst", 0 0, v0x222a690_0;
S_0x22299b0 .scope module, "d3" "D_FF" 3 10, 3 16, S_0x21f3110;
 .timescale 0 0;
v0x2229aa0_0 .alias "clk", 0 0, v0x222a450_0;
v0x2229b70_0 .net "d", 0 0, L_0x222acd0; 1 drivers
v0x2229bf0_0 .var "q", 0 0;
v0x2229c90_0 .alias "rst", 0 0, v0x222a690_0;
S_0x21f2690 .scope module, "d4" "D_FF" 3 11, 3 16, S_0x21f3110;
 .timescale 0 0;
v0x21f2300_0 .alias "clk", 0 0, v0x222a450_0;
v0x22297c0_0 .net "d", 0 0, L_0x222aea0; 1 drivers
v0x2229860_0 .var "q", 0 0;
v0x2229900_0 .alias "rst", 0 0, v0x222a690_0;
E_0x21f1f60 .event posedge, v0x21f2300_0;
    .scope S_0x222a120;
T_0 ;
    %wait E_0x21f1f60;
    %load/v 8, v0x222a3d0_0, 1;
    %jmp/0xz  T_0.0, 8;
    %set/v v0x222a330_0, 0, 1;
    %jmp T_0.1;
T_0.0 ;
    %load/v 8, v0x222a290_0, 1;
    %set/v v0x222a330_0, 8, 1;
T_0.1 ;
    %jmp T_0;
    .thread T_0;
    .scope S_0x2229d70;
T_1 ;
    %wait E_0x21f1f60;
    %load/v 8, v0x222a050_0, 1;
    %jmp/0xz  T_1.0, 8;
    %set/v v0x2229fb0_0, 0, 1;
    %jmp T_1.1;
T_1.0 ;
    %load/v 8, v0x2229f30_0, 1;
    %set/v v0x2229fb0_0, 8, 1;
T_1.1 ;
    %jmp T_1;
    .thread T_1;
    .scope S_0x22299b0;
T_2 ;
    %wait E_0x21f1f60;
    %load/v 8, v0x2229c90_0, 1;
    %jmp/0xz  T_2.0, 8;
    %set/v v0x2229bf0_0, 0, 1;
    %jmp T_2.1;
T_2.0 ;
    %load/v 8, v0x2229b70_0, 1;
    %set/v v0x2229bf0_0, 8, 1;
T_2.1 ;
    %jmp T_2;
    .thread T_2;
    .scope S_0x21f2690;
T_3 ;
    %wait E_0x21f1f60;
    %load/v 8, v0x2229900_0, 1;
    %jmp/0xz  T_3.0, 8;
    %set/v v0x2229860_0, 0, 1;
    %jmp T_3.1;
T_3.0 ;
    %load/v 8, v0x22297c0_0, 1;
    %set/v v0x2229860_0, 8, 1;
T_3.1 ;
    %jmp T_3;
    .thread T_3;
    .scope S_0x21f1af0;
T_4 ;
    %set/v v0x222a7d0_0, 1, 1;
    %movi 8, 100, 8;
T_4.0 %cmp/s 0, 8, 8;
    %jmp/0xz T_4.1, 5;
    %add 8, 1, 8;
    %delay 7000, 0;
    %load/v 16, v0x222a7d0_0, 1;
    %inv 16, 1;
    %set/v v0x222a7d0_0, 16, 1;
    %jmp T_4.0;
T_4.1 ;
    %end;
    .thread T_4;
    .scope S_0x21f1af0;
T_5 ;
    %vpi_call 2 21 "$dumpfile", "16CO104-V5.vcd";
    %vpi_call 2 22 "$dumpvars", 1'sb0, S_0x21f1af0;
    %vpi_call 2 23 "$monitor", "INPUT = %b, OUTPUT = %b", v0x222a850_0, v0x222a8d0_0;
    %set/v v0x222a850_0, 0, 1;
    %set/v v0x222a950_0, 1, 1;
    %delay 20000, 0;
    %set/v v0x222a950_0, 0, 1;
    %set/v v0x222a850_0, 1, 1;
    %delay 20000, 0;
    %set/v v0x222a850_0, 0, 1;
    %delay 20000, 0;
    %set/v v0x222a850_0, 1, 1;
    %delay 20000, 0;
    %set/v v0x222a850_0, 0, 1;
    %delay 20000, 0;
    %set/v v0x222a850_0, 0, 1;
    %delay 20000, 0;
    %set/v v0x222a850_0, 1, 1;
    %delay 20000, 0;
    %vpi_call 2 47 "$finish";
    %end;
    .thread T_5;
# The file index is used to find the file name in the following table.
:file_names 4;
    "N/A";
    "<interactive>";
    "16CO104-V5.v";
    "16CO104-VB5.v";
