#! /usr/bin/vvp
:ivl_version "0.9.7 " "(v0_9_7)";
:vpi_time_precision - 12;
:vpi_module "system";
:vpi_module "v2005_math";
:vpi_module "va_math";
S_0x201d940 .scope module, "test_bench" "test_bench" 2 3;
 .timescale -9 -12;
v0x2054b60_0 .var "clk", 0 0;
v0x2054be0_0 .net "q", 0 0, L_0x2055340; 1 drivers
v0x2054cb0_0 .net "q_", 0 0, L_0x2055090; 1 drivers
v0x2054d80_0 .var "r", 0 0;
v0x2054e50_0 .var "rst", 0 0;
v0x2054f20_0 .var "s", 0 0;
S_0x201f880 .scope module, "srff" "sr_flip_flop" 2 12, 3 14, S_0x201d940;
 .timescale 0 0;
v0x2054750_0 .net "clk", 0 0, v0x2054b60_0; 1 drivers
v0x20547f0_0 .alias "q", 0 0, v0x2054be0_0;
v0x20548a0_0 .alias "q_", 0 0, v0x2054cb0_0;
v0x2054950_0 .net "r", 0 0, v0x2054d80_0; 1 drivers
v0x2054a30_0 .net "rst", 0 0, v0x2054e50_0; 1 drivers
v0x2054ae0_0 .net "s", 0 0, v0x2054f20_0; 1 drivers
S_0x201f970 .scope module, "jk" "jk_ff" 3 23, 3 1, S_0x201f880;
 .timescale 0 0;
L_0x2055030 .functor OR 1, L_0x2055340, v0x2054f20_0, C4<0>, C4<0>;
L_0x2055090 .functor NOT 1, L_0x2055030, C4<0>, C4<0>, C4<0>;
L_0x2055140 .functor OR 1, L_0x2055090, v0x2054d80_0, C4<0>, C4<0>;
L_0x2055230 .functor NOT 1, v0x2054e50_0, C4<0>, C4<0>, C4<0>;
L_0x2055290 .functor OR 1, L_0x2055140, L_0x2055230, C4<0>, C4<0>;
L_0x2055340 .functor NOT 1, L_0x2055290, C4<0>, C4<0>, C4<0>;
v0x2040c00_0 .net *"_s0", 0 0, L_0x2055030; 1 drivers
v0x20540b0_0 .net *"_s4", 0 0, L_0x2055140; 1 drivers
v0x2054150_0 .net *"_s6", 0 0, L_0x2055230; 1 drivers
v0x20541f0_0 .net *"_s8", 0 0, L_0x2055290; 1 drivers
v0x20542a0_0 .alias "clk", 0 0, v0x2054750_0;
v0x2054340_0 .alias "j", 0 0, v0x2054950_0;
v0x2054420_0 .alias "k", 0 0, v0x2054ae0_0;
v0x20544c0_0 .alias "q", 0 0, v0x2054be0_0;
v0x20545b0_0 .alias "q_", 0 0, v0x2054cb0_0;
v0x2054650_0 .alias "rst", 0 0, v0x2054a30_0;
    .scope S_0x201d940;
T_0 ;
    %set/v v0x2054b60_0, 1, 1;
    %movi 8, 100, 8;
T_0.0 %cmp/s 0, 8, 8;
    %jmp/0xz T_0.1, 5;
    %add 8, 1, 8;
    %delay 10000, 0;
    %load/v 16, v0x2054b60_0, 1;
    %inv 16, 1;
    %set/v v0x2054b60_0, 16, 1;
    %jmp T_0.0;
T_0.1 ;
    %end;
    .thread T_0;
    .scope S_0x201d940;
T_1 ;
    %vpi_call 2 25 "$dumpfile", "16CO104-V3.vcd";
    %vpi_call 2 26 "$dumpvars", 1'sb0, S_0x201d940;
    %set/v v0x2054e50_0, 0, 1;
    %set/v v0x2054f20_0, 0, 1;
    %set/v v0x2054d80_0, 0, 1;
    %delay 20000, 0;
    %set/v v0x2054e50_0, 1, 1;
    %set/v v0x2054f20_0, 1, 1;
    %set/v v0x2054d80_0, 0, 1;
    %delay 20000, 0;
    %set/v v0x2054f20_0, 0, 1;
    %set/v v0x2054d80_0, 1, 1;
    %delay 20000, 0;
    %set/v v0x2054e50_0, 1, 1;
    %set/v v0x2054f20_0, 1, 1;
    %set/v v0x2054d80_0, 0, 1;
    %delay 20000, 0;
    %set/v v0x2054f20_0, 0, 1;
    %set/v v0x2054d80_0, 0, 1;
    %delay 20000, 0;
    %vpi_call 2 50 "$finish";
    %end;
    .thread T_1;
    .scope S_0x201d940;
T_2 ;
    %vpi_call 2 54 "$monitor", "S = %b, R = %b, Q = %b, Q' = %b", v0x2054f20_0, v0x2054d80_0, v0x2054be0_0, v0x2054cb0_0;
    %end;
    .thread T_2;
# The file index is used to find the file name in the following table.
:file_names 4;
    "N/A";
    "<interactive>";
    "16CO104-V3.v";
    "16CO104-VD3.v";
